<?xml version="1.0" encoding="UTF-8"?>
<!-- Generated by org.testng.reporters.JUnitReportReporter -->
<testsuite skipped="0" hostname="LAPTOP-DVARLL33" name="scripts.CP_001" tests="1" failures="0" timestamp="05 ago 2018 01:47:40 GMT" time="24.271" errors="0">
  <testcase name="chrome" time="24.271" classname="scripts.CP_001"/>
</testsuite> <!-- scripts.CP_001 -->
