<?xml version="1.0" encoding="UTF-8"?>
<!-- Generated by org.testng.reporters.JUnitReportReporter -->
<testsuite skipped="0" hostname="TESTGROUP-PC" name="scripts.CP006" tests="1" failures="0" timestamp="21 jun 2018 17:46:21 GMT" time="28.556" errors="0">
  <testcase name="f" time="28.556" classname="scripts.CP006"/>
</testsuite> <!-- scripts.CP006 -->
