<?xml version="1.0" encoding="UTF-8"?>
<!-- Generated by org.testng.reporters.JUnitReportReporter -->
<testsuite skipped="0" hostname="TESTGROUP-PC" name="scripts.CP005" tests="1" failures="0" timestamp="14 jun 2018 23:50:53 GMT" time="14.177" errors="0">
  <testcase name="f" time="14.177" classname="scripts.CP005"/>
</testsuite> <!-- scripts.CP005 -->
