<?xml version="1.0" encoding="UTF-8"?>
<!-- Generated by org.testng.reporters.JUnitReportReporter -->
<testsuite skipped="0" hostname="TESTGROUP-PC" name="scripts.CP003" tests="1" failures="0" timestamp="14 jun 2018 22:58:53 GMT" time="16.065" errors="0">
  <testcase name="f" time="16.065" classname="scripts.CP003"/>
</testsuite> <!-- scripts.CP003 -->
